<?xml version="1.0" encoding="UTF-8"?>
<!-- Generated by org.testng.reporters.JUnitReportReporter -->
<testsuite hostname="DESKTOP-LL02VCO" failures="0" tests="1" name="test.test" time="137.590" errors="0" timestamp="2024-09-16T15:55:39 IST" skipped="0">
  <testcase classname="test.test" name="login" time="137.590"/>
  <system-out/>
</testsuite> <!-- test.test -->
