<?xml version="1.0" encoding="UTF-8"?>
<!-- Generated by org.testng.reporters.JUnitReportReporter -->
<testsuite hostname="DESKTOP-LL02VCO" failures="0" tests="1" name="test.LoginMerchant" time="135.234" errors="0" timestamp="2024-09-17T18:46:43 IST" skipped="0">
  <testcase classname="test.LoginMerchant" name="login" time="135.234"/>
  <system-out/>
</testsuite> <!-- test.LoginMerchant -->
